0 info it worked if it ends with ok
1 verbose cli [
1 verbose cli   'C:\\Program Files\\nodejs\\node.exe',
1 verbose cli   'C:\\Program Files\\nodejs\\node_modules\\npm\\bin\\npm-cli.js',
1 verbose cli   'run',
1 verbose cli   'build'
1 verbose cli ]
2 info using npm@6.14.8
3 info using node@v14.13.0
4 verbose run-script [ 'prebuild', 'build', 'postbuild' ]
5 info lifecycle hello-next@0.1.0~prebuild: hello-next@0.1.0
6 info lifecycle hello-next@0.1.0~build: hello-next@0.1.0
7 verbose lifecycle hello-next@0.1.0~build: unsafe-perm in lifecycle true
8 verbose lifecycle hello-next@0.1.0~build: PATH: C:\Program Files\nodejs\node_modules\npm\node_modules\npm-lifecycle\node-gyp-bin;C:\Users\asgar aliyev\Desktop\mern_apps\SoftwareDownload\ClientFrontend\node_modules\.bin;C:\Program Files\Git\mingw64\bin;C:\Program Files\Git\usr\bin;C:\Users\asgar aliyev\bin;C:\Python27;C:\Python27\Scripts;C:\Python38\Scripts;C:\Python38;C:\Windows\system32;C:\Windows;C:\Windows\System32\Wbem;C:\Windows\System32\WindowsPowerShell\v1.0;C:\Windows\System32\OpenSSH;C:\Program Files\Git\cmd;C:\Users\asgar aliyev\AppData\Local\Microsoft\WindowsApps\python.exe;C:\src\flutter\bin;C:\Users\asgar aliyev\PycharmProjects\deirvlon\venv\Scripts\python.exe;C:\ProgramData\chocolatey\bin;C:\Program Files\nodejs;C:\Program Files\OpenJDK\openjdk-8u262-b10\bin;C:\sqlite;C:\Users\asgar aliyev\AppData\Local\Programs\Microsoft VS Code\bin;C:\Program Files\heroku\bin;C:\Users\asgar aliyev\PycharmProjects\deirvlon\venv\Scripts\python.exe;C:\Users\asgar aliyev\PycharmProjects\deirvlon\venv\Scripts;C:\Users\asgar aliyev\AppData\Roaming\npm
9 verbose lifecycle hello-next@0.1.0~build: CWD: C:\Users\asgar aliyev\Desktop\mern_apps\SoftwareDownload\ClientFrontend
10 silly lifecycle hello-next@0.1.0~build: Args: [ '/d /s /c', 'next build' ]
11 silly lifecycle hello-next@0.1.0~build: Returned: code: 1  signal: null
12 info lifecycle hello-next@0.1.0~build: Failed to exec build script
13 verbose stack Error: hello-next@0.1.0 build: `next build`
13 verbose stack Exit status 1
13 verbose stack     at EventEmitter.<anonymous> (C:\Program Files\nodejs\node_modules\npm\node_modules\npm-lifecycle\index.js:332:16)
13 verbose stack     at EventEmitter.emit (events.js:314:20)
13 verbose stack     at ChildProcess.<anonymous> (C:\Program Files\nodejs\node_modules\npm\node_modules\npm-lifecycle\lib\spawn.js:55:14)
13 verbose stack     at ChildProcess.emit (events.js:314:20)
13 verbose stack     at maybeClose (internal/child_process.js:1047:16)
13 verbose stack     at Process.ChildProcess._handle.onexit (internal/child_process.js:287:5)
14 verbose pkgid hello-next@0.1.0
15 verbose cwd C:\Users\asgar aliyev\Desktop\mern_apps\SoftwareDownload\ClientFrontend
16 verbose Windows_NT 10.0.19041
17 verbose argv "C:\\Program Files\\nodejs\\node.exe" "C:\\Program Files\\nodejs\\node_modules\\npm\\bin\\npm-cli.js" "run" "build"
18 verbose node v14.13.0
19 verbose npm  v6.14.8
20 error code ELIFECYCLE
21 error errno 1
22 error hello-next@0.1.0 build: `next build`
22 error Exit status 1
23 error Failed at the hello-next@0.1.0 build script.
23 error This is probably not a problem with npm. There is likely additional logging output above.
24 verbose exit [ 1, true ]
